CRITICAL - 2020-10-24 21:22:29 --> Undefined offset: 0
#0 C:\xampp\htdocs\todo\app\Views\index.php(58): CodeIgniter\Debug\Exceptions->errorHandler(8, 'Undefined offse...', 'C:\\xampp\\htdocs...', 58, Array)
#1 C:\xampp\htdocs\todo\system\View\View.php(246): include('C:\\xampp\\htdocs...')
#2 C:\xampp\htdocs\todo\system\Common.php(1119): CodeIgniter\View\View->render('index', Array, true)
#3 C:\xampp\htdocs\todo\app\Controllers\Home.php(28): view('index', Array)
#4 C:\xampp\htdocs\todo\system\CodeIgniter.php(918): App\Controllers\Home->room()
#5 C:\xampp\htdocs\todo\system\CodeIgniter.php(404): CodeIgniter\CodeIgniter->runController(Object(App\Controllers\Home))
#6 C:\xampp\htdocs\todo\system\CodeIgniter.php(312): CodeIgniter\CodeIgniter->handleRequest(NULL, Object(Config\Cache), false)
#7 C:\xampp\htdocs\todo\public\index.php(45): CodeIgniter\CodeIgniter->run()
#8 C:\xampp\htdocs\todo\system\Commands\Server\rewrite.php(34): require_once('C:\\xampp\\htdocs...')
#9 {main}
CRITICAL - 2020-10-24 21:27:08 --> Undefined index: id_judul
#0 C:\xampp\htdocs\todo\app\Views\proto.php(96): CodeIgniter\Debug\Exceptions->errorHandler(8, 'Undefined index...', 'C:\\xampp\\htdocs...', 96, Array)
#1 C:\xampp\htdocs\todo\system\View\View.php(246): include('C:\\xampp\\htdocs...')
#2 C:\xampp\htdocs\todo\system\Common.php(1119): CodeIgniter\View\View->render('proto', Array, true)
#3 C:\xampp\htdocs\todo\app\Controllers\Todo.php(12): view('proto', Array)
#4 C:\xampp\htdocs\todo\system\CodeIgniter.php(918): App\controllers\Todo->index()
#5 C:\xampp\htdocs\todo\system\CodeIgniter.php(404): CodeIgniter\CodeIgniter->runController(Object(App\controllers\Todo))
#6 C:\xampp\htdocs\todo\system\CodeIgniter.php(312): CodeIgniter\CodeIgniter->handleRequest(NULL, Object(Config\Cache), false)
#7 C:\xampp\htdocs\todo\public\index.php(45): CodeIgniter\CodeIgniter->run()
#8 C:\xampp\htdocs\todo\system\Commands\Server\rewrite.php(34): require_once('C:\\xampp\\htdocs...')
#9 {main}
CRITICAL - 2020-10-24 21:28:01 --> Undefined index: id_judul
#0 C:\xampp\htdocs\todo\app\Views\proto.php(96): CodeIgniter\Debug\Exceptions->errorHandler(8, 'Undefined index...', 'C:\\xampp\\htdocs...', 96, Array)
#1 C:\xampp\htdocs\todo\system\View\View.php(246): include('C:\\xampp\\htdocs...')
#2 C:\xampp\htdocs\todo\system\Common.php(1119): CodeIgniter\View\View->render('proto', Array, true)
#3 C:\xampp\htdocs\todo\app\Controllers\Todo.php(12): view('proto', Array)
#4 C:\xampp\htdocs\todo\system\CodeIgniter.php(918): App\controllers\Todo->index()
#5 C:\xampp\htdocs\todo\system\CodeIgniter.php(404): CodeIgniter\CodeIgniter->runController(Object(App\controllers\Todo))
#6 C:\xampp\htdocs\todo\system\CodeIgniter.php(312): CodeIgniter\CodeIgniter->handleRequest(NULL, Object(Config\Cache), false)
#7 C:\xampp\htdocs\todo\public\index.php(45): CodeIgniter\CodeIgniter->run()
#8 C:\xampp\htdocs\todo\system\Commands\Server\rewrite.php(34): require_once('C:\\xampp\\htdocs...')
#9 {main}
CRITICAL - 2020-10-24 21:28:06 --> Undefined index: id_judul
#0 C:\xampp\htdocs\todo\app\Views\proto.php(96): CodeIgniter\Debug\Exceptions->errorHandler(8, 'Undefined index...', 'C:\\xampp\\htdocs...', 96, Array)
#1 C:\xampp\htdocs\todo\system\View\View.php(246): include('C:\\xampp\\htdocs...')
#2 C:\xampp\htdocs\todo\system\Common.php(1119): CodeIgniter\View\View->render('proto', Array, true)
#3 C:\xampp\htdocs\todo\app\Controllers\Todo.php(12): view('proto', Array)
#4 C:\xampp\htdocs\todo\system\CodeIgniter.php(918): App\controllers\Todo->index()
#5 C:\xampp\htdocs\todo\system\CodeIgniter.php(404): CodeIgniter\CodeIgniter->runController(Object(App\controllers\Todo))
#6 C:\xampp\htdocs\todo\system\CodeIgniter.php(312): CodeIgniter\CodeIgniter->handleRequest(NULL, Object(Config\Cache), false)
#7 C:\xampp\htdocs\todo\public\index.php(45): CodeIgniter\CodeIgniter->run()
#8 C:\xampp\htdocs\todo\system\Commands\Server\rewrite.php(34): require_once('C:\\xampp\\htdocs...')
#9 {main}
CRITICAL - 2020-10-24 21:28:12 --> Undefined index: id_judul
#0 C:\xampp\htdocs\todo\app\Views\proto.php(96): CodeIgniter\Debug\Exceptions->errorHandler(8, 'Undefined index...', 'C:\\xampp\\htdocs...', 96, Array)
#1 C:\xampp\htdocs\todo\system\View\View.php(246): include('C:\\xampp\\htdocs...')
#2 C:\xampp\htdocs\todo\system\Common.php(1119): CodeIgniter\View\View->render('proto', Array, true)
#3 C:\xampp\htdocs\todo\app\Controllers\Todo.php(12): view('proto', Array)
#4 C:\xampp\htdocs\todo\system\CodeIgniter.php(918): App\controllers\Todo->index()
#5 C:\xampp\htdocs\todo\system\CodeIgniter.php(404): CodeIgniter\CodeIgniter->runController(Object(App\controllers\Todo))
#6 C:\xampp\htdocs\todo\system\CodeIgniter.php(312): CodeIgniter\CodeIgniter->handleRequest(NULL, Object(Config\Cache), false)
#7 C:\xampp\htdocs\todo\public\index.php(45): CodeIgniter\CodeIgniter->run()
#8 C:\xampp\htdocs\todo\system\Commands\Server\rewrite.php(34): require_once('C:\\xampp\\htdocs...')
#9 {main}
CRITICAL - 2020-10-24 21:28:38 --> Undefined index: id_judul
#0 C:\xampp\htdocs\todo\app\Views\proto.php(96): CodeIgniter\Debug\Exceptions->errorHandler(8, 'Undefined index...', 'C:\\xampp\\htdocs...', 96, Array)
#1 C:\xampp\htdocs\todo\system\View\View.php(246): include('C:\\xampp\\htdocs...')
#2 C:\xampp\htdocs\todo\system\Common.php(1119): CodeIgniter\View\View->render('proto', Array, true)
#3 C:\xampp\htdocs\todo\app\Controllers\Todo.php(12): view('proto', Array)
#4 C:\xampp\htdocs\todo\system\CodeIgniter.php(918): App\controllers\Todo->index()
#5 C:\xampp\htdocs\todo\system\CodeIgniter.php(404): CodeIgniter\CodeIgniter->runController(Object(App\controllers\Todo))
#6 C:\xampp\htdocs\todo\system\CodeIgniter.php(312): CodeIgniter\CodeIgniter->handleRequest(NULL, Object(Config\Cache), false)
#7 C:\xampp\htdocs\todo\public\index.php(45): CodeIgniter\CodeIgniter->run()
#8 C:\xampp\htdocs\todo\system\Commands\Server\rewrite.php(34): require_once('C:\\xampp\\htdocs...')
#9 {main}
CRITICAL - 2020-10-24 21:28:39 --> Undefined index: id_judul
#0 C:\xampp\htdocs\todo\app\Views\proto.php(96): CodeIgniter\Debug\Exceptions->errorHandler(8, 'Undefined index...', 'C:\\xampp\\htdocs...', 96, Array)
#1 C:\xampp\htdocs\todo\system\View\View.php(246): include('C:\\xampp\\htdocs...')
#2 C:\xampp\htdocs\todo\system\Common.php(1119): CodeIgniter\View\View->render('proto', Array, true)
#3 C:\xampp\htdocs\todo\app\Controllers\Todo.php(12): view('proto', Array)
#4 C:\xampp\htdocs\todo\system\CodeIgniter.php(918): App\controllers\Todo->index()
#5 C:\xampp\htdocs\todo\system\CodeIgniter.php(404): CodeIgniter\CodeIgniter->runController(Object(App\controllers\Todo))
#6 C:\xampp\htdocs\todo\system\CodeIgniter.php(312): CodeIgniter\CodeIgniter->handleRequest(NULL, Object(Config\Cache), false)
#7 C:\xampp\htdocs\todo\public\index.php(45): CodeIgniter\CodeIgniter->run()
#8 C:\xampp\htdocs\todo\system\Commands\Server\rewrite.php(34): require_once('C:\\xampp\\htdocs...')
#9 {main}
CRITICAL - 2020-10-24 21:30:08 --> Array to string conversion
#0 C:\xampp\htdocs\todo\app\Views\proto.php(96): CodeIgniter\Debug\Exceptions->errorHandler(8, 'Array to string...', 'C:\\xampp\\htdocs...', 96, Array)
#1 C:\xampp\htdocs\todo\system\View\View.php(246): include('C:\\xampp\\htdocs...')
#2 C:\xampp\htdocs\todo\system\Common.php(1119): CodeIgniter\View\View->render('proto', Array, true)
#3 C:\xampp\htdocs\todo\app\Controllers\Todo.php(12): view('proto', Array)
#4 C:\xampp\htdocs\todo\system\CodeIgniter.php(918): App\controllers\Todo->index()
#5 C:\xampp\htdocs\todo\system\CodeIgniter.php(404): CodeIgniter\CodeIgniter->runController(Object(App\controllers\Todo))
#6 C:\xampp\htdocs\todo\system\CodeIgniter.php(312): CodeIgniter\CodeIgniter->handleRequest(NULL, Object(Config\Cache), false)
#7 C:\xampp\htdocs\todo\public\index.php(45): CodeIgniter\CodeIgniter->run()
#8 C:\xampp\htdocs\todo\system\Commands\Server\rewrite.php(34): require_once('C:\\xampp\\htdocs...')
#9 {main}
CRITICAL - 2020-10-24 21:30:17 --> Array to string conversion
#0 C:\xampp\htdocs\todo\app\Views\proto.php(96): CodeIgniter\Debug\Exceptions->errorHandler(8, 'Array to string...', 'C:\\xampp\\htdocs...', 96, Array)
#1 C:\xampp\htdocs\todo\system\View\View.php(246): include('C:\\xampp\\htdocs...')
#2 C:\xampp\htdocs\todo\system\Common.php(1119): CodeIgniter\View\View->render('proto', Array, true)
#3 C:\xampp\htdocs\todo\app\Controllers\Todo.php(12): view('proto', Array)
#4 C:\xampp\htdocs\todo\system\CodeIgniter.php(918): App\controllers\Todo->index()
#5 C:\xampp\htdocs\todo\system\CodeIgniter.php(404): CodeIgniter\CodeIgniter->runController(Object(App\controllers\Todo))
#6 C:\xampp\htdocs\todo\system\CodeIgniter.php(312): CodeIgniter\CodeIgniter->handleRequest(NULL, Object(Config\Cache), false)
#7 C:\xampp\htdocs\todo\public\index.php(45): CodeIgniter\CodeIgniter->run()
#8 C:\xampp\htdocs\todo\system\Commands\Server\rewrite.php(34): require_once('C:\\xampp\\htdocs...')
#9 {main}
CRITICAL - 2020-10-24 21:30:31 --> Undefined index: id_judul
#0 C:\xampp\htdocs\todo\app\Views\proto.php(96): CodeIgniter\Debug\Exceptions->errorHandler(8, 'Undefined index...', 'C:\\xampp\\htdocs...', 96, Array)
#1 C:\xampp\htdocs\todo\system\View\View.php(246): include('C:\\xampp\\htdocs...')
#2 C:\xampp\htdocs\todo\system\Common.php(1119): CodeIgniter\View\View->render('proto', Array, true)
#3 C:\xampp\htdocs\todo\app\Controllers\Todo.php(12): view('proto', Array)
#4 C:\xampp\htdocs\todo\system\CodeIgniter.php(918): App\controllers\Todo->index()
#5 C:\xampp\htdocs\todo\system\CodeIgniter.php(404): CodeIgniter\CodeIgniter->runController(Object(App\controllers\Todo))
#6 C:\xampp\htdocs\todo\system\CodeIgniter.php(312): CodeIgniter\CodeIgniter->handleRequest(NULL, Object(Config\Cache), false)
#7 C:\xampp\htdocs\todo\public\index.php(45): CodeIgniter\CodeIgniter->run()
#8 C:\xampp\htdocs\todo\system\Commands\Server\rewrite.php(34): require_once('C:\\xampp\\htdocs...')
#9 {main}
CRITICAL - 2020-10-24 21:30:37 --> Undefined index: isi
#0 C:\xampp\htdocs\todo\app\Views\proto.php(96): CodeIgniter\Debug\Exceptions->errorHandler(8, 'Undefined index...', 'C:\\xampp\\htdocs...', 96, Array)
#1 C:\xampp\htdocs\todo\system\View\View.php(246): include('C:\\xampp\\htdocs...')
#2 C:\xampp\htdocs\todo\system\Common.php(1119): CodeIgniter\View\View->render('proto', Array, true)
#3 C:\xampp\htdocs\todo\app\Controllers\Todo.php(12): view('proto', Array)
#4 C:\xampp\htdocs\todo\system\CodeIgniter.php(918): App\controllers\Todo->index()
#5 C:\xampp\htdocs\todo\system\CodeIgniter.php(404): CodeIgniter\CodeIgniter->runController(Object(App\controllers\Todo))
#6 C:\xampp\htdocs\todo\system\CodeIgniter.php(312): CodeIgniter\CodeIgniter->handleRequest(NULL, Object(Config\Cache), false)
#7 C:\xampp\htdocs\todo\public\index.php(45): CodeIgniter\CodeIgniter->run()
#8 C:\xampp\htdocs\todo\system\Commands\Server\rewrite.php(34): require_once('C:\\xampp\\htdocs...')
#9 {main}
CRITICAL - 2020-10-24 23:51:34 --> Argument 1 passed to CodeIgniter\Model::findAll() must be of the type integer, null given, called in C:\xampp\htdocs\todo\app\Models\ListedModel.php on line 10
#0 C:\xampp\htdocs\todo\app\Models\ListedModel.php(10): CodeIgniter\Model->findAll(NULL)
#1 C:\xampp\htdocs\todo\app\Controllers\Todo.php(11): App\Models\listedModel->getroom(NULL)
#2 C:\xampp\htdocs\todo\system\CodeIgniter.php(918): App\controllers\Todo->index()
#3 C:\xampp\htdocs\todo\system\CodeIgniter.php(404): CodeIgniter\CodeIgniter->runController(Object(App\controllers\Todo))
#4 C:\xampp\htdocs\todo\system\CodeIgniter.php(312): CodeIgniter\CodeIgniter->handleRequest(NULL, Object(Config\Cache), false)
#5 C:\xampp\htdocs\todo\public\index.php(45): CodeIgniter\CodeIgniter->run()
#6 C:\xampp\htdocs\todo\system\Commands\Server\rewrite.php(34): require_once('C:\\xampp\\htdocs...')
#7 {main}
CRITICAL - 2020-10-24 23:53:43 --> Argument 1 passed to CodeIgniter\Model::findAll() must be of the type integer, null given, called in C:\xampp\htdocs\todo\app\Models\ListedModel.php on line 10
#0 C:\xampp\htdocs\todo\app\Models\ListedModel.php(10): CodeIgniter\Model->findAll(NULL)
#1 C:\xampp\htdocs\todo\app\Controllers\Todo.php(11): App\Models\listedModel->getroom(NULL)
#2 C:\xampp\htdocs\todo\system\CodeIgniter.php(918): App\controllers\Todo->index()
#3 C:\xampp\htdocs\todo\system\CodeIgniter.php(404): CodeIgniter\CodeIgniter->runController(Object(App\controllers\Todo))
#4 C:\xampp\htdocs\todo\system\CodeIgniter.php(312): CodeIgniter\CodeIgniter->handleRequest(NULL, Object(Config\Cache), false)
#5 C:\xampp\htdocs\todo\public\index.php(45): CodeIgniter\CodeIgniter->run()
#6 C:\xampp\htdocs\todo\system\Commands\Server\rewrite.php(34): require_once('C:\\xampp\\htdocs...')
#7 {main}
CRITICAL - 2020-10-24 23:54:27 --> Argument 1 passed to CodeIgniter\Model::findAll() must be of the type integer, null given, called in C:\xampp\htdocs\todo\app\Models\ListedModel.php on line 10
#0 C:\xampp\htdocs\todo\app\Models\ListedModel.php(10): CodeIgniter\Model->findAll(NULL)
#1 C:\xampp\htdocs\todo\app\Controllers\Todo.php(11): App\Models\listedModel->getroom(NULL)
#2 C:\xampp\htdocs\todo\system\CodeIgniter.php(918): App\controllers\Todo->index()
#3 C:\xampp\htdocs\todo\system\CodeIgniter.php(404): CodeIgniter\CodeIgniter->runController(Object(App\controllers\Todo))
#4 C:\xampp\htdocs\todo\system\CodeIgniter.php(312): CodeIgniter\CodeIgniter->handleRequest(NULL, Object(Config\Cache), false)
#5 C:\xampp\htdocs\todo\public\index.php(45): CodeIgniter\CodeIgniter->run()
#6 C:\xampp\htdocs\todo\system\Commands\Server\rewrite.php(34): require_once('C:\\xampp\\htdocs...')
#7 {main}
