CRITICAL - 2020-10-20 09:19:08 --> Undefined offset: 1
#0 C:\xampp\htdocs\todo\app\Views\index.php(93): CodeIgniter\Debug\Exceptions->errorHandler(8, 'Undefined offse...', 'C:\\xampp\\htdocs...', 93, Array)
#1 C:\xampp\htdocs\todo\system\View\View.php(246): include('C:\\xampp\\htdocs...')
#2 C:\xampp\htdocs\todo\system\Common.php(1119): CodeIgniter\View\View->render('index', Array, true)
#3 C:\xampp\htdocs\todo\app\Controllers\Home.php(28): view('index', Array)
#4 C:\xampp\htdocs\todo\system\CodeIgniter.php(918): App\Controllers\Home->room()
#5 C:\xampp\htdocs\todo\system\CodeIgniter.php(404): CodeIgniter\CodeIgniter->runController(Object(App\Controllers\Home))
#6 C:\xampp\htdocs\todo\system\CodeIgniter.php(312): CodeIgniter\CodeIgniter->handleRequest(NULL, Object(Config\Cache), false)
#7 C:\xampp\htdocs\todo\public\index.php(45): CodeIgniter\CodeIgniter->run()
#8 C:\xampp\htdocs\todo\system\Commands\Server\rewrite.php(34): require_once('C:\\xampp\\htdocs...')
#9 {main}
CRITICAL - 2020-10-20 09:19:36 --> Undefined offset: 0
#0 C:\xampp\htdocs\todo\app\Views\index.php(93): CodeIgniter\Debug\Exceptions->errorHandler(8, 'Undefined offse...', 'C:\\xampp\\htdocs...', 93, Array)
#1 C:\xampp\htdocs\todo\system\View\View.php(246): include('C:\\xampp\\htdocs...')
#2 C:\xampp\htdocs\todo\system\Common.php(1119): CodeIgniter\View\View->render('index', Array, true)
#3 C:\xampp\htdocs\todo\app\Controllers\Home.php(28): view('index', Array)
#4 C:\xampp\htdocs\todo\system\CodeIgniter.php(918): App\Controllers\Home->room()
#5 C:\xampp\htdocs\todo\system\CodeIgniter.php(404): CodeIgniter\CodeIgniter->runController(Object(App\Controllers\Home))
#6 C:\xampp\htdocs\todo\system\CodeIgniter.php(312): CodeIgniter\CodeIgniter->handleRequest(NULL, Object(Config\Cache), false)
#7 C:\xampp\htdocs\todo\public\index.php(45): CodeIgniter\CodeIgniter->run()
#8 C:\xampp\htdocs\todo\system\Commands\Server\rewrite.php(34): require_once('C:\\xampp\\htdocs...')
#9 {main}
CRITICAL - 2020-10-20 09:21:46 --> Undefined offset: 0
#0 C:\xampp\htdocs\todo\app\Views\index.php(93): CodeIgniter\Debug\Exceptions->errorHandler(8, 'Undefined offse...', 'C:\\xampp\\htdocs...', 93, Array)
#1 C:\xampp\htdocs\todo\system\View\View.php(246): include('C:\\xampp\\htdocs...')
#2 C:\xampp\htdocs\todo\system\Common.php(1119): CodeIgniter\View\View->render('index', Array, true)
#3 C:\xampp\htdocs\todo\app\Controllers\Home.php(28): view('index', Array)
#4 C:\xampp\htdocs\todo\system\CodeIgniter.php(918): App\Controllers\Home->room()
#5 C:\xampp\htdocs\todo\system\CodeIgniter.php(404): CodeIgniter\CodeIgniter->runController(Object(App\Controllers\Home))
#6 C:\xampp\htdocs\todo\system\CodeIgniter.php(312): CodeIgniter\CodeIgniter->handleRequest(NULL, Object(Config\Cache), false)
#7 C:\xampp\htdocs\todo\public\index.php(45): CodeIgniter\CodeIgniter->run()
#8 C:\xampp\htdocs\todo\system\Commands\Server\rewrite.php(34): require_once('C:\\xampp\\htdocs...')
#9 {main}
CRITICAL - 2020-10-20 09:22:24 --> Undefined offset: 1
#0 C:\xampp\htdocs\todo\app\Views\index.php(93): CodeIgniter\Debug\Exceptions->errorHandler(8, 'Undefined offse...', 'C:\\xampp\\htdocs...', 93, Array)
#1 C:\xampp\htdocs\todo\system\View\View.php(246): include('C:\\xampp\\htdocs...')
#2 C:\xampp\htdocs\todo\system\Common.php(1119): CodeIgniter\View\View->render('index', Array, true)
#3 C:\xampp\htdocs\todo\app\Controllers\Home.php(28): view('index', Array)
#4 C:\xampp\htdocs\todo\system\CodeIgniter.php(918): App\Controllers\Home->room()
#5 C:\xampp\htdocs\todo\system\CodeIgniter.php(404): CodeIgniter\CodeIgniter->runController(Object(App\Controllers\Home))
#6 C:\xampp\htdocs\todo\system\CodeIgniter.php(312): CodeIgniter\CodeIgniter->handleRequest(NULL, Object(Config\Cache), false)
#7 C:\xampp\htdocs\todo\public\index.php(45): CodeIgniter\CodeIgniter->run()
#8 C:\xampp\htdocs\todo\system\Commands\Server\rewrite.php(34): require_once('C:\\xampp\\htdocs...')
#9 {main}
CRITICAL - 2020-10-20 09:25:13 --> Undefined offset: 1
#0 C:\xampp\htdocs\todo\app\Views\index.php(93): CodeIgniter\Debug\Exceptions->errorHandler(8, 'Undefined offse...', 'C:\\xampp\\htdocs...', 93, Array)
#1 C:\xampp\htdocs\todo\system\View\View.php(246): include('C:\\xampp\\htdocs...')
#2 C:\xampp\htdocs\todo\system\Common.php(1119): CodeIgniter\View\View->render('index', Array, true)
#3 C:\xampp\htdocs\todo\app\Controllers\Home.php(28): view('index', Array)
#4 C:\xampp\htdocs\todo\system\CodeIgniter.php(918): App\Controllers\Home->room()
#5 C:\xampp\htdocs\todo\system\CodeIgniter.php(404): CodeIgniter\CodeIgniter->runController(Object(App\Controllers\Home))
#6 C:\xampp\htdocs\todo\system\CodeIgniter.php(312): CodeIgniter\CodeIgniter->handleRequest(NULL, Object(Config\Cache), false)
#7 C:\xampp\htdocs\todo\public\index.php(45): CodeIgniter\CodeIgniter->run()
#8 C:\xampp\htdocs\todo\system\Commands\Server\rewrite.php(34): require_once('C:\\xampp\\htdocs...')
#9 {main}
CRITICAL - 2020-10-20 09:25:25 --> Undefined index: isi
#0 C:\xampp\htdocs\todo\app\Views\index.php(95): CodeIgniter\Debug\Exceptions->errorHandler(8, 'Undefined index...', 'C:\\xampp\\htdocs...', 95, Array)
#1 C:\xampp\htdocs\todo\system\View\View.php(246): include('C:\\xampp\\htdocs...')
#2 C:\xampp\htdocs\todo\system\Common.php(1119): CodeIgniter\View\View->render('index', Array, true)
#3 C:\xampp\htdocs\todo\app\Controllers\Home.php(28): view('index', Array)
#4 C:\xampp\htdocs\todo\system\CodeIgniter.php(918): App\Controllers\Home->room()
#5 C:\xampp\htdocs\todo\system\CodeIgniter.php(404): CodeIgniter\CodeIgniter->runController(Object(App\Controllers\Home))
#6 C:\xampp\htdocs\todo\system\CodeIgniter.php(312): CodeIgniter\CodeIgniter->handleRequest(NULL, Object(Config\Cache), false)
#7 C:\xampp\htdocs\todo\public\index.php(45): CodeIgniter\CodeIgniter->run()
#8 C:\xampp\htdocs\todo\system\Commands\Server\rewrite.php(34): require_once('C:\\xampp\\htdocs...')
#9 {main}
CRITICAL - 2020-10-20 09:27:10 --> Undefined offset: 1
#0 C:\xampp\htdocs\todo\app\Views\index.php(93): CodeIgniter\Debug\Exceptions->errorHandler(8, 'Undefined offse...', 'C:\\xampp\\htdocs...', 93, Array)
#1 C:\xampp\htdocs\todo\system\View\View.php(246): include('C:\\xampp\\htdocs...')
#2 C:\xampp\htdocs\todo\system\Common.php(1119): CodeIgniter\View\View->render('index', Array, true)
#3 C:\xampp\htdocs\todo\app\Controllers\Home.php(28): view('index', Array)
#4 C:\xampp\htdocs\todo\system\CodeIgniter.php(918): App\Controllers\Home->room()
#5 C:\xampp\htdocs\todo\system\CodeIgniter.php(404): CodeIgniter\CodeIgniter->runController(Object(App\Controllers\Home))
#6 C:\xampp\htdocs\todo\system\CodeIgniter.php(312): CodeIgniter\CodeIgniter->handleRequest(NULL, Object(Config\Cache), false)
#7 C:\xampp\htdocs\todo\public\index.php(45): CodeIgniter\CodeIgniter->run()
#8 C:\xampp\htdocs\todo\system\Commands\Server\rewrite.php(34): require_once('C:\\xampp\\htdocs...')
#9 {main}
CRITICAL - 2020-10-20 09:28:16 --> Undefined offset: 1
#0 C:\xampp\htdocs\todo\app\Views\index.php(94): CodeIgniter\Debug\Exceptions->errorHandler(8, 'Undefined offse...', 'C:\\xampp\\htdocs...', 94, Array)
#1 C:\xampp\htdocs\todo\system\View\View.php(246): include('C:\\xampp\\htdocs...')
#2 C:\xampp\htdocs\todo\system\Common.php(1119): CodeIgniter\View\View->render('index', Array, true)
#3 C:\xampp\htdocs\todo\app\Controllers\Home.php(28): view('index', Array)
#4 C:\xampp\htdocs\todo\system\CodeIgniter.php(918): App\Controllers\Home->room()
#5 C:\xampp\htdocs\todo\system\CodeIgniter.php(404): CodeIgniter\CodeIgniter->runController(Object(App\Controllers\Home))
#6 C:\xampp\htdocs\todo\system\CodeIgniter.php(312): CodeIgniter\CodeIgniter->handleRequest(NULL, Object(Config\Cache), false)
#7 C:\xampp\htdocs\todo\public\index.php(45): CodeIgniter\CodeIgniter->run()
#8 C:\xampp\htdocs\todo\system\Commands\Server\rewrite.php(34): require_once('C:\\xampp\\htdocs...')
#9 {main}
CRITICAL - 2020-10-20 09:28:47 --> Undefined offset: 1
#0 C:\xampp\htdocs\todo\app\Views\index.php(93): CodeIgniter\Debug\Exceptions->errorHandler(8, 'Undefined offse...', 'C:\\xampp\\htdocs...', 93, Array)
#1 C:\xampp\htdocs\todo\system\View\View.php(246): include('C:\\xampp\\htdocs...')
#2 C:\xampp\htdocs\todo\system\Common.php(1119): CodeIgniter\View\View->render('index', Array, true)
#3 C:\xampp\htdocs\todo\app\Controllers\Home.php(28): view('index', Array)
#4 C:\xampp\htdocs\todo\system\CodeIgniter.php(918): App\Controllers\Home->room()
#5 C:\xampp\htdocs\todo\system\CodeIgniter.php(404): CodeIgniter\CodeIgniter->runController(Object(App\Controllers\Home))
#6 C:\xampp\htdocs\todo\system\CodeIgniter.php(312): CodeIgniter\CodeIgniter->handleRequest(NULL, Object(Config\Cache), false)
#7 C:\xampp\htdocs\todo\public\index.php(45): CodeIgniter\CodeIgniter->run()
#8 C:\xampp\htdocs\todo\system\Commands\Server\rewrite.php(34): require_once('C:\\xampp\\htdocs...')
#9 {main}
CRITICAL - 2020-10-20 09:28:59 --> Undefined offset: 2
#0 C:\xampp\htdocs\todo\app\Views\index.php(94): CodeIgniter\Debug\Exceptions->errorHandler(8, 'Undefined offse...', 'C:\\xampp\\htdocs...', 94, Array)
#1 C:\xampp\htdocs\todo\system\View\View.php(246): include('C:\\xampp\\htdocs...')
#2 C:\xampp\htdocs\todo\system\Common.php(1119): CodeIgniter\View\View->render('index', Array, true)
#3 C:\xampp\htdocs\todo\app\Controllers\Home.php(28): view('index', Array)
#4 C:\xampp\htdocs\todo\system\CodeIgniter.php(918): App\Controllers\Home->room()
#5 C:\xampp\htdocs\todo\system\CodeIgniter.php(404): CodeIgniter\CodeIgniter->runController(Object(App\Controllers\Home))
#6 C:\xampp\htdocs\todo\system\CodeIgniter.php(312): CodeIgniter\CodeIgniter->handleRequest(NULL, Object(Config\Cache), false)
#7 C:\xampp\htdocs\todo\public\index.php(45): CodeIgniter\CodeIgniter->run()
#8 C:\xampp\htdocs\todo\system\Commands\Server\rewrite.php(34): require_once('C:\\xampp\\htdocs...')
#9 {main}
CRITICAL - 2020-10-20 09:34:57 --> Call to a member function first() on array
#0 C:\xampp\htdocs\todo\system\CodeIgniter.php(918): App\Controllers\Home->room()
#1 C:\xampp\htdocs\todo\system\CodeIgniter.php(404): CodeIgniter\CodeIgniter->runController(Object(App\Controllers\Home))
#2 C:\xampp\htdocs\todo\system\CodeIgniter.php(312): CodeIgniter\CodeIgniter->handleRequest(NULL, Object(Config\Cache), false)
#3 C:\xampp\htdocs\todo\public\index.php(45): CodeIgniter\CodeIgniter->run()
#4 C:\xampp\htdocs\todo\system\Commands\Server\rewrite.php(34): require_once('C:\\xampp\\htdocs...')
#5 {main}
CRITICAL - 2020-10-20 09:35:11 --> Undefined offset: 1
#0 C:\xampp\htdocs\todo\app\Views\index.php(93): CodeIgniter\Debug\Exceptions->errorHandler(8, 'Undefined offse...', 'C:\\xampp\\htdocs...', 93, Array)
#1 C:\xampp\htdocs\todo\system\View\View.php(246): include('C:\\xampp\\htdocs...')
#2 C:\xampp\htdocs\todo\system\Common.php(1119): CodeIgniter\View\View->render('index', Array, true)
#3 C:\xampp\htdocs\todo\app\Controllers\Home.php(28): view('index', Array)
#4 C:\xampp\htdocs\todo\system\CodeIgniter.php(918): App\Controllers\Home->room()
#5 C:\xampp\htdocs\todo\system\CodeIgniter.php(404): CodeIgniter\CodeIgniter->runController(Object(App\Controllers\Home))
#6 C:\xampp\htdocs\todo\system\CodeIgniter.php(312): CodeIgniter\CodeIgniter->handleRequest(NULL, Object(Config\Cache), false)
#7 C:\xampp\htdocs\todo\public\index.php(45): CodeIgniter\CodeIgniter->run()
#8 C:\xampp\htdocs\todo\system\Commands\Server\rewrite.php(34): require_once('C:\\xampp\\htdocs...')
#9 {main}
CRITICAL - 2020-10-20 09:35:20 --> Undefined offset: 2
#0 C:\xampp\htdocs\todo\app\Views\index.php(94): CodeIgniter\Debug\Exceptions->errorHandler(8, 'Undefined offse...', 'C:\\xampp\\htdocs...', 94, Array)
#1 C:\xampp\htdocs\todo\system\View\View.php(246): include('C:\\xampp\\htdocs...')
#2 C:\xampp\htdocs\todo\system\Common.php(1119): CodeIgniter\View\View->render('index', Array, true)
#3 C:\xampp\htdocs\todo\app\Controllers\Home.php(28): view('index', Array)
#4 C:\xampp\htdocs\todo\system\CodeIgniter.php(918): App\Controllers\Home->room()
#5 C:\xampp\htdocs\todo\system\CodeIgniter.php(404): CodeIgniter\CodeIgniter->runController(Object(App\Controllers\Home))
#6 C:\xampp\htdocs\todo\system\CodeIgniter.php(312): CodeIgniter\CodeIgniter->handleRequest(NULL, Object(Config\Cache), false)
#7 C:\xampp\htdocs\todo\public\index.php(45): CodeIgniter\CodeIgniter->run()
#8 C:\xampp\htdocs\todo\system\Commands\Server\rewrite.php(34): require_once('C:\\xampp\\htdocs...')
#9 {main}
CRITICAL - 2020-10-20 09:39:13 --> Undefined offset: 1
#0 C:\xampp\htdocs\todo\app\Views\index.php(94): CodeIgniter\Debug\Exceptions->errorHandler(8, 'Undefined offse...', 'C:\\xampp\\htdocs...', 94, Array)
#1 C:\xampp\htdocs\todo\system\View\View.php(246): include('C:\\xampp\\htdocs...')
#2 C:\xampp\htdocs\todo\system\Common.php(1119): CodeIgniter\View\View->render('index', Array, true)
#3 C:\xampp\htdocs\todo\app\Controllers\Home.php(28): view('index', Array)
#4 C:\xampp\htdocs\todo\system\CodeIgniter.php(918): App\Controllers\Home->room()
#5 C:\xampp\htdocs\todo\system\CodeIgniter.php(404): CodeIgniter\CodeIgniter->runController(Object(App\Controllers\Home))
#6 C:\xampp\htdocs\todo\system\CodeIgniter.php(312): CodeIgniter\CodeIgniter->handleRequest(NULL, Object(Config\Cache), false)
#7 C:\xampp\htdocs\todo\public\index.php(45): CodeIgniter\CodeIgniter->run()
#8 C:\xampp\htdocs\todo\system\Commands\Server\rewrite.php(34): require_once('C:\\xampp\\htdocs...')
#9 {main}
CRITICAL - 2020-10-20 09:40:35 --> Undefined offset: -1
#0 C:\xampp\htdocs\todo\app\Views\index.php(94): CodeIgniter\Debug\Exceptions->errorHandler(8, 'Undefined offse...', 'C:\\xampp\\htdocs...', 94, Array)
#1 C:\xampp\htdocs\todo\system\View\View.php(246): include('C:\\xampp\\htdocs...')
#2 C:\xampp\htdocs\todo\system\Common.php(1119): CodeIgniter\View\View->render('index', Array, true)
#3 C:\xampp\htdocs\todo\app\Controllers\Home.php(28): view('index', Array)
#4 C:\xampp\htdocs\todo\system\CodeIgniter.php(918): App\Controllers\Home->room()
#5 C:\xampp\htdocs\todo\system\CodeIgniter.php(404): CodeIgniter\CodeIgniter->runController(Object(App\Controllers\Home))
#6 C:\xampp\htdocs\todo\system\CodeIgniter.php(312): CodeIgniter\CodeIgniter->handleRequest(NULL, Object(Config\Cache), false)
#7 C:\xampp\htdocs\todo\public\index.php(45): CodeIgniter\CodeIgniter->run()
#8 C:\xampp\htdocs\todo\system\Commands\Server\rewrite.php(34): require_once('C:\\xampp\\htdocs...')
#9 {main}
CRITICAL - 2020-10-20 09:43:24 --> Undefined offset: 1
#0 C:\xampp\htdocs\todo\app\Views\index.php(94): CodeIgniter\Debug\Exceptions->errorHandler(8, 'Undefined offse...', 'C:\\xampp\\htdocs...', 94, Array)
#1 C:\xampp\htdocs\todo\system\View\View.php(246): include('C:\\xampp\\htdocs...')
#2 C:\xampp\htdocs\todo\system\Common.php(1119): CodeIgniter\View\View->render('index', Array, true)
#3 C:\xampp\htdocs\todo\app\Controllers\Home.php(28): view('index', Array)
#4 C:\xampp\htdocs\todo\system\CodeIgniter.php(918): App\Controllers\Home->room()
#5 C:\xampp\htdocs\todo\system\CodeIgniter.php(404): CodeIgniter\CodeIgniter->runController(Object(App\Controllers\Home))
#6 C:\xampp\htdocs\todo\system\CodeIgniter.php(312): CodeIgniter\CodeIgniter->handleRequest(NULL, Object(Config\Cache), false)
#7 C:\xampp\htdocs\todo\public\index.php(45): CodeIgniter\CodeIgniter->run()
#8 C:\xampp\htdocs\todo\system\Commands\Server\rewrite.php(34): require_once('C:\\xampp\\htdocs...')
#9 {main}
CRITICAL - 2020-10-20 09:44:05 --> Undefined offset: 2
#0 C:\xampp\htdocs\todo\app\Views\index.php(94): CodeIgniter\Debug\Exceptions->errorHandler(8, 'Undefined offse...', 'C:\\xampp\\htdocs...', 94, Array)
#1 C:\xampp\htdocs\todo\system\View\View.php(246): include('C:\\xampp\\htdocs...')
#2 C:\xampp\htdocs\todo\system\Common.php(1119): CodeIgniter\View\View->render('index', Array, true)
#3 C:\xampp\htdocs\todo\app\Controllers\Home.php(28): view('index', Array)
#4 C:\xampp\htdocs\todo\system\CodeIgniter.php(918): App\Controllers\Home->room()
#5 C:\xampp\htdocs\todo\system\CodeIgniter.php(404): CodeIgniter\CodeIgniter->runController(Object(App\Controllers\Home))
#6 C:\xampp\htdocs\todo\system\CodeIgniter.php(312): CodeIgniter\CodeIgniter->handleRequest(NULL, Object(Config\Cache), false)
#7 C:\xampp\htdocs\todo\public\index.php(45): CodeIgniter\CodeIgniter->run()
#8 C:\xampp\htdocs\todo\system\Commands\Server\rewrite.php(34): require_once('C:\\xampp\\htdocs...')
#9 {main}
CRITICAL - 2020-10-20 09:44:59 --> Undefined offset: 2
#0 C:\xampp\htdocs\todo\app\Views\index.php(94): CodeIgniter\Debug\Exceptions->errorHandler(8, 'Undefined offse...', 'C:\\xampp\\htdocs...', 94, Array)
#1 C:\xampp\htdocs\todo\system\View\View.php(246): include('C:\\xampp\\htdocs...')
#2 C:\xampp\htdocs\todo\system\Common.php(1119): CodeIgniter\View\View->render('index', Array, true)
#3 C:\xampp\htdocs\todo\app\Controllers\Home.php(28): view('index', Array)
#4 C:\xampp\htdocs\todo\system\CodeIgniter.php(918): App\Controllers\Home->room()
#5 C:\xampp\htdocs\todo\system\CodeIgniter.php(404): CodeIgniter\CodeIgniter->runController(Object(App\Controllers\Home))
#6 C:\xampp\htdocs\todo\system\CodeIgniter.php(312): CodeIgniter\CodeIgniter->handleRequest(NULL, Object(Config\Cache), false)
#7 C:\xampp\htdocs\todo\public\index.php(45): CodeIgniter\CodeIgniter->run()
#8 C:\xampp\htdocs\todo\system\Commands\Server\rewrite.php(34): require_once('C:\\xampp\\htdocs...')
#9 {main}
CRITICAL - 2020-10-20 11:25:15 --> You must set the database table to be used with your query.
#0 C:\xampp\htdocs\todo\system\Model.php(1237): CodeIgniter\Database\BaseConnection->table(NULL)
#1 C:\xampp\htdocs\todo\system\Model.php(1816): CodeIgniter\Model->builder()
#2 C:\xampp\htdocs\todo\app\Controllers\Home.php(97): CodeIgniter\Model->__call('getidakun', Array)
#3 C:\xampp\htdocs\todo\system\CodeIgniter.php(918): App\Controllers\Home->insertList()
#4 C:\xampp\htdocs\todo\system\CodeIgniter.php(404): CodeIgniter\CodeIgniter->runController(Object(App\Controllers\Home))
#5 C:\xampp\htdocs\todo\system\CodeIgniter.php(312): CodeIgniter\CodeIgniter->handleRequest(NULL, Object(Config\Cache), false)
#6 C:\xampp\htdocs\todo\public\index.php(45): CodeIgniter\CodeIgniter->run()
#7 C:\xampp\htdocs\todo\system\Commands\Server\rewrite.php(34): require_once('C:\\xampp\\htdocs...')
#8 {main}
