CRITICAL - 2020-10-23 09:36:33 --> Argument 1 passed to CodeIgniter\Model::findAll() must be of the type integer, null given, called in C:\xampp\htdocs\todo\app\Models\ListedModel.php on line 10
#0 C:\xampp\htdocs\todo\app\Models\ListedModel.php(10): CodeIgniter\Model->findAll(NULL)
#1 C:\xampp\htdocs\todo\app\Controllers\Home.php(22): App\Models\listedModel->getroom(NULL)
#2 C:\xampp\htdocs\todo\system\CodeIgniter.php(918): App\Controllers\Home->room()
#3 C:\xampp\htdocs\todo\system\CodeIgniter.php(404): CodeIgniter\CodeIgniter->runController(Object(App\Controllers\Home))
#4 C:\xampp\htdocs\todo\system\CodeIgniter.php(312): CodeIgniter\CodeIgniter->handleRequest(NULL, Object(Config\Cache), false)
#5 C:\xampp\htdocs\todo\public\index.php(45): CodeIgniter\CodeIgniter->run()
#6 C:\xampp\htdocs\todo\system\Commands\Server\rewrite.php(34): require_once('C:\\xampp\\htdocs...')
#7 {main}
CRITICAL - 2020-10-23 09:39:53 --> Invalid file: proto.php
#0 C:\xampp\htdocs\todo\system\View\View.php(228): CodeIgniter\Exceptions\FrameworkException::forInvalidFile('proto.php')
#1 C:\xampp\htdocs\todo\system\Common.php(1119): CodeIgniter\View\View->render('proto', Array, true)
#2 C:\xampp\htdocs\todo\app\Controllers\Todo.php(7): view('proto')
#3 C:\xampp\htdocs\todo\system\CodeIgniter.php(918): App\controllers\Todo->index()
#4 C:\xampp\htdocs\todo\system\CodeIgniter.php(404): CodeIgniter\CodeIgniter->runController(Object(App\controllers\Todo))
#5 C:\xampp\htdocs\todo\system\CodeIgniter.php(312): CodeIgniter\CodeIgniter->handleRequest(NULL, Object(Config\Cache), false)
#6 C:\xampp\htdocs\todo\public\index.php(45): CodeIgniter\CodeIgniter->run()
#7 C:\xampp\htdocs\todo\system\Commands\Server\rewrite.php(34): require_once('C:\\xampp\\htdocs...')
#8 {main}
CRITICAL - 2020-10-23 11:51:05 --> Object of class CodeIgniter\Session\Session could not be converted to string
#0 C:\xampp\htdocs\todo\app\Controllers\Todo.php(8): CodeIgniter\Debug\Exceptions->errorHandler(4096, 'Object of class...', 'C:\\xampp\\htdocs...', 8, Array)
#1 C:\xampp\htdocs\todo\system\CodeIgniter.php(918): App\controllers\Todo->index()
#2 C:\xampp\htdocs\todo\system\CodeIgniter.php(404): CodeIgniter\CodeIgniter->runController(Object(App\controllers\Todo))
#3 C:\xampp\htdocs\todo\system\CodeIgniter.php(312): CodeIgniter\CodeIgniter->handleRequest(NULL, Object(Config\Cache), false)
#4 C:\xampp\htdocs\todo\public\index.php(45): CodeIgniter\CodeIgniter->run()
#5 C:\xampp\htdocs\todo\system\Commands\Server\rewrite.php(34): require_once('C:\\xampp\\htdocs...')
#6 {main}
CRITICAL - 2020-10-23 11:51:45 --> Undefined variable: session
#0 C:\xampp\htdocs\todo\app\Controllers\Todo.php(7): CodeIgniter\Debug\Exceptions->errorHandler(8, 'Undefined varia...', 'C:\\xampp\\htdocs...', 7, Array)
#1 C:\xampp\htdocs\todo\system\CodeIgniter.php(918): App\controllers\Todo->index()
#2 C:\xampp\htdocs\todo\system\CodeIgniter.php(404): CodeIgniter\CodeIgniter->runController(Object(App\controllers\Todo))
#3 C:\xampp\htdocs\todo\system\CodeIgniter.php(312): CodeIgniter\CodeIgniter->handleRequest(NULL, Object(Config\Cache), false)
#4 C:\xampp\htdocs\todo\public\index.php(45): CodeIgniter\CodeIgniter->run()
#5 C:\xampp\htdocs\todo\system\Commands\Server\rewrite.php(34): require_once('C:\\xampp\\htdocs...')
#6 {main}
CRITICAL - 2020-10-23 11:52:05 --> Undefined variable: session
#0 C:\xampp\htdocs\todo\app\Controllers\Todo.php(8): CodeIgniter\Debug\Exceptions->errorHandler(8, 'Undefined varia...', 'C:\\xampp\\htdocs...', 8, Array)
#1 C:\xampp\htdocs\todo\system\CodeIgniter.php(918): App\controllers\Todo->index()
#2 C:\xampp\htdocs\todo\system\CodeIgniter.php(404): CodeIgniter\CodeIgniter->runController(Object(App\controllers\Todo))
#3 C:\xampp\htdocs\todo\system\CodeIgniter.php(312): CodeIgniter\CodeIgniter->handleRequest(NULL, Object(Config\Cache), false)
#4 C:\xampp\htdocs\todo\public\index.php(45): CodeIgniter\CodeIgniter->run()
#5 C:\xampp\htdocs\todo\system\Commands\Server\rewrite.php(34): require_once('C:\\xampp\\htdocs...')
#6 {main}
CRITICAL - 2020-10-23 11:53:03 --> Undefined offset: 0
#0 C:\xampp\htdocs\todo\app\Views\index.php(58): CodeIgniter\Debug\Exceptions->errorHandler(8, 'Undefined offse...', 'C:\\xampp\\htdocs...', 58, Array)
#1 C:\xampp\htdocs\todo\system\View\View.php(246): include('C:\\xampp\\htdocs...')
#2 C:\xampp\htdocs\todo\system\Common.php(1119): CodeIgniter\View\View->render('index', Array, true)
#3 C:\xampp\htdocs\todo\app\Controllers\Home.php(28): view('index', Array)
#4 C:\xampp\htdocs\todo\system\CodeIgniter.php(918): App\Controllers\Home->room()
#5 C:\xampp\htdocs\todo\system\CodeIgniter.php(404): CodeIgniter\CodeIgniter->runController(Object(App\Controllers\Home))
#6 C:\xampp\htdocs\todo\system\CodeIgniter.php(312): CodeIgniter\CodeIgniter->handleRequest(NULL, Object(Config\Cache), false)
#7 C:\xampp\htdocs\todo\public\index.php(45): CodeIgniter\CodeIgniter->run()
#8 C:\xampp\htdocs\todo\system\Commands\Server\rewrite.php(34): require_once('C:\\xampp\\htdocs...')
#9 {main}
CRITICAL - 2020-10-23 12:02:30 --> Undefined index: id_judul
#0 C:\xampp\htdocs\todo\app\Views\proto.php(70): CodeIgniter\Debug\Exceptions->errorHandler(8, 'Undefined index...', 'C:\\xampp\\htdocs...', 70, Array)
#1 C:\xampp\htdocs\todo\system\View\View.php(246): include('C:\\xampp\\htdocs...')
#2 C:\xampp\htdocs\todo\system\Common.php(1119): CodeIgniter\View\View->render('proto', Array, true)
#3 C:\xampp\htdocs\todo\app\Controllers\Todo.php(12): view('proto', Array)
#4 C:\xampp\htdocs\todo\system\CodeIgniter.php(918): App\controllers\Todo->index()
#5 C:\xampp\htdocs\todo\system\CodeIgniter.php(404): CodeIgniter\CodeIgniter->runController(Object(App\controllers\Todo))
#6 C:\xampp\htdocs\todo\system\CodeIgniter.php(312): CodeIgniter\CodeIgniter->handleRequest(NULL, Object(Config\Cache), false)
#7 C:\xampp\htdocs\todo\public\index.php(45): CodeIgniter\CodeIgniter->run()
#8 C:\xampp\htdocs\todo\system\Commands\Server\rewrite.php(34): require_once('C:\\xampp\\htdocs...')
#9 {main}
CRITICAL - 2020-10-23 12:02:44 --> Undefined index: id_judul
#0 C:\xampp\htdocs\todo\app\Views\proto.php(70): CodeIgniter\Debug\Exceptions->errorHandler(8, 'Undefined index...', 'C:\\xampp\\htdocs...', 70, Array)
#1 C:\xampp\htdocs\todo\system\View\View.php(246): include('C:\\xampp\\htdocs...')
#2 C:\xampp\htdocs\todo\system\Common.php(1119): CodeIgniter\View\View->render('proto', Array, true)
#3 C:\xampp\htdocs\todo\app\Controllers\Todo.php(12): view('proto', Array)
#4 C:\xampp\htdocs\todo\system\CodeIgniter.php(918): App\controllers\Todo->index()
#5 C:\xampp\htdocs\todo\system\CodeIgniter.php(404): CodeIgniter\CodeIgniter->runController(Object(App\controllers\Todo))
#6 C:\xampp\htdocs\todo\system\CodeIgniter.php(312): CodeIgniter\CodeIgniter->handleRequest(NULL, Object(Config\Cache), false)
#7 C:\xampp\htdocs\todo\public\index.php(45): CodeIgniter\CodeIgniter->run()
#8 C:\xampp\htdocs\todo\system\Commands\Server\rewrite.php(34): require_once('C:\\xampp\\htdocs...')
#9 {main}
CRITICAL - 2020-10-23 12:03:58 --> Undefined index: id_judul
#0 C:\xampp\htdocs\todo\app\Controllers\Todo.php(11): CodeIgniter\Debug\Exceptions->errorHandler(8, 'Undefined index...', 'C:\\xampp\\htdocs...', 11, Array)
#1 C:\xampp\htdocs\todo\system\CodeIgniter.php(918): App\controllers\Todo->index()
#2 C:\xampp\htdocs\todo\system\CodeIgniter.php(404): CodeIgniter\CodeIgniter->runController(Object(App\controllers\Todo))
#3 C:\xampp\htdocs\todo\system\CodeIgniter.php(312): CodeIgniter\CodeIgniter->handleRequest(NULL, Object(Config\Cache), false)
#4 C:\xampp\htdocs\todo\public\index.php(45): CodeIgniter\CodeIgniter->run()
#5 C:\xampp\htdocs\todo\system\Commands\Server\rewrite.php(34): require_once('C:\\xampp\\htdocs...')
#6 {main}
CRITICAL - 2020-10-23 12:04:13 --> Undefined index: id_judul
#0 C:\xampp\htdocs\todo\app\Controllers\Todo.php(11): CodeIgniter\Debug\Exceptions->errorHandler(8, 'Undefined index...', 'C:\\xampp\\htdocs...', 11, Array)
#1 C:\xampp\htdocs\todo\system\CodeIgniter.php(918): App\controllers\Todo->index()
#2 C:\xampp\htdocs\todo\system\CodeIgniter.php(404): CodeIgniter\CodeIgniter->runController(Object(App\controllers\Todo))
#3 C:\xampp\htdocs\todo\system\CodeIgniter.php(312): CodeIgniter\CodeIgniter->handleRequest(NULL, Object(Config\Cache), false)
#4 C:\xampp\htdocs\todo\public\index.php(45): CodeIgniter\CodeIgniter->run()
#5 C:\xampp\htdocs\todo\system\Commands\Server\rewrite.php(34): require_once('C:\\xampp\\htdocs...')
#6 {main}
CRITICAL - 2020-10-23 12:04:21 --> Array to string conversion
#0 C:\xampp\htdocs\todo\app\Controllers\Todo.php(11): CodeIgniter\Debug\Exceptions->errorHandler(8, 'Array to string...', 'C:\\xampp\\htdocs...', 11, Array)
#1 C:\xampp\htdocs\todo\system\CodeIgniter.php(918): App\controllers\Todo->index()
#2 C:\xampp\htdocs\todo\system\CodeIgniter.php(404): CodeIgniter\CodeIgniter->runController(Object(App\controllers\Todo))
#3 C:\xampp\htdocs\todo\system\CodeIgniter.php(312): CodeIgniter\CodeIgniter->handleRequest(NULL, Object(Config\Cache), false)
#4 C:\xampp\htdocs\todo\public\index.php(45): CodeIgniter\CodeIgniter->run()
#5 C:\xampp\htdocs\todo\system\Commands\Server\rewrite.php(34): require_once('C:\\xampp\\htdocs...')
#6 {main}
CRITICAL - 2020-10-23 12:05:13 --> Array to string conversion
#0 C:\xampp\htdocs\todo\app\Views\proto.php(70): CodeIgniter\Debug\Exceptions->errorHandler(8, 'Array to string...', 'C:\\xampp\\htdocs...', 70, Array)
#1 C:\xampp\htdocs\todo\system\View\View.php(246): include('C:\\xampp\\htdocs...')
#2 C:\xampp\htdocs\todo\system\Common.php(1119): CodeIgniter\View\View->render('proto', Array, true)
#3 C:\xampp\htdocs\todo\app\Controllers\Todo.php(12): view('proto', Array)
#4 C:\xampp\htdocs\todo\system\CodeIgniter.php(918): App\controllers\Todo->index()
#5 C:\xampp\htdocs\todo\system\CodeIgniter.php(404): CodeIgniter\CodeIgniter->runController(Object(App\controllers\Todo))
#6 C:\xampp\htdocs\todo\system\CodeIgniter.php(312): CodeIgniter\CodeIgniter->handleRequest(NULL, Object(Config\Cache), false)
#7 C:\xampp\htdocs\todo\public\index.php(45): CodeIgniter\CodeIgniter->run()
#8 C:\xampp\htdocs\todo\system\Commands\Server\rewrite.php(34): require_once('C:\\xampp\\htdocs...')
#9 {main}
CRITICAL - 2020-10-23 12:12:07 --> Undefined offset: 2
#0 C:\xampp\htdocs\todo\app\Views\proto.php(91): CodeIgniter\Debug\Exceptions->errorHandler(8, 'Undefined offse...', 'C:\\xampp\\htdocs...', 91, Array)
#1 C:\xampp\htdocs\todo\system\View\View.php(246): include('C:\\xampp\\htdocs...')
#2 C:\xampp\htdocs\todo\system\Common.php(1119): CodeIgniter\View\View->render('proto', Array, true)
#3 C:\xampp\htdocs\todo\app\Controllers\Todo.php(12): view('proto', Array)
#4 C:\xampp\htdocs\todo\system\CodeIgniter.php(918): App\controllers\Todo->index()
#5 C:\xampp\htdocs\todo\system\CodeIgniter.php(404): CodeIgniter\CodeIgniter->runController(Object(App\controllers\Todo))
#6 C:\xampp\htdocs\todo\system\CodeIgniter.php(312): CodeIgniter\CodeIgniter->handleRequest(NULL, Object(Config\Cache), false)
#7 C:\xampp\htdocs\todo\public\index.php(45): CodeIgniter\CodeIgniter->run()
#8 C:\xampp\htdocs\todo\system\Commands\Server\rewrite.php(34): require_once('C:\\xampp\\htdocs...')
#9 {main}
CRITICAL - 2020-10-23 12:25:22 --> Undefined index: id_judul
#0 C:\xampp\htdocs\todo\app\Views\proto.php(70): CodeIgniter\Debug\Exceptions->errorHandler(8, 'Undefined index...', 'C:\\xampp\\htdocs...', 70, Array)
#1 C:\xampp\htdocs\todo\system\View\View.php(246): include('C:\\xampp\\htdocs...')
#2 C:\xampp\htdocs\todo\system\Common.php(1119): CodeIgniter\View\View->render('proto', Array, true)
#3 C:\xampp\htdocs\todo\app\Controllers\Todo.php(12): view('proto', Array)
#4 C:\xampp\htdocs\todo\system\CodeIgniter.php(918): App\controllers\Todo->index()
#5 C:\xampp\htdocs\todo\system\CodeIgniter.php(404): CodeIgniter\CodeIgniter->runController(Object(App\controllers\Todo))
#6 C:\xampp\htdocs\todo\system\CodeIgniter.php(312): CodeIgniter\CodeIgniter->handleRequest(NULL, Object(Config\Cache), false)
#7 C:\xampp\htdocs\todo\public\index.php(45): CodeIgniter\CodeIgniter->run()
#8 C:\xampp\htdocs\todo\system\Commands\Server\rewrite.php(34): require_once('C:\\xampp\\htdocs...')
#9 {main}
CRITICAL - 2020-10-23 12:26:00 --> Undefined variable: s
#0 C:\xampp\htdocs\todo\app\Views\proto.php(93): CodeIgniter\Debug\Exceptions->errorHandler(8, 'Undefined varia...', 'C:\\xampp\\htdocs...', 93, Array)
#1 C:\xampp\htdocs\todo\system\View\View.php(246): include('C:\\xampp\\htdocs...')
#2 C:\xampp\htdocs\todo\system\Common.php(1119): CodeIgniter\View\View->render('proto', Array, true)
#3 C:\xampp\htdocs\todo\app\Controllers\Todo.php(12): view('proto', Array)
#4 C:\xampp\htdocs\todo\system\CodeIgniter.php(918): App\controllers\Todo->index()
#5 C:\xampp\htdocs\todo\system\CodeIgniter.php(404): CodeIgniter\CodeIgniter->runController(Object(App\controllers\Todo))
#6 C:\xampp\htdocs\todo\system\CodeIgniter.php(312): CodeIgniter\CodeIgniter->handleRequest(NULL, Object(Config\Cache), false)
#7 C:\xampp\htdocs\todo\public\index.php(45): CodeIgniter\CodeIgniter->run()
#8 C:\xampp\htdocs\todo\system\Commands\Server\rewrite.php(34): require_once('C:\\xampp\\htdocs...')
#9 {main}
